

Started GET "/" for 113.161.77.123 at 2017-07-24 08:02:08 +0000
  Processing by HomeController#index as HTML
Rendered layouts/partials/_header.html.erb (0.8ms)
Rendered layouts/partials/_footer.html.erb (3.2ms)
Rendered home/index.html.erb within layouts/home (39.4ms)
Completed 200 OK in 44ms (Views: 43.4ms | ActiveRecord: 0.0ms)


Started GET "/captcha" for 113.161.77.123 at 2017-07-24 08:03:04 +0000
  Processing by CaptchaController#index as HTML
Rendered layouts/partials/_header.html.erb (0.1ms)
Rendered layouts/partials/_footer.html.erb (0.2ms)
Rendered captcha/index.html.erb within layouts/captcha (2.6ms)
Completed 200 OK in 6ms (Views: 5.3ms | ActiveRecord: 0.0ms)


Started GET "/" for 113.161.77.123 at 2017-07-28 10:05:45 +0000
  Processing by HomeController#index as HTML
Rendered layouts/partials/_header.html.erb (0.9ms)
Rendered layouts/partials/_footer.html.erb (51.2ms)
Rendered home/index.html.erb within layouts/home (264.6ms)
Completed 200 OK in 331ms (Views: 330.0ms | ActiveRecord: 0.0ms)


Started GET "/" for 113.161.77.123 at 2017-07-28 10:05:47 +0000
  Processing by HomeController#index as HTML
Rendered layouts/partials/_header.html.erb (0.1ms)
Rendered layouts/partials/_footer.html.erb (0.2ms)
Rendered home/index.html.erb within layouts/home (1.4ms)
Completed 200 OK in 2ms (Views: 2.0ms | ActiveRecord: 0.0ms)


Started GET "/" for 94.177.239.181 at 2017-08-29 23:28:42 +0000
  Processing by HomeController#index as HTML
Rendered layouts/partials/_header.html.erb (3.1ms)
Rendered layouts/partials/_footer.html.erb (57.6ms)
Rendered home/index.html.erb within layouts/home (342.9ms)
Completed 200 OK in 445ms (Views: 438.0ms | ActiveRecord: 0.0ms)


Started GET "/HNAP1/" for 94.177.239.181 at 2017-08-29 23:31:27 +0000

ActionController::RoutingError (No route matches "/HNAP1"):
  




Started GET "/" for 195.154.225.51 at 2017-10-20 05:21:30 +0000
  Processing by HomeController#index as HTML
Rendered layouts/partials/_header.html.erb (85.5ms)
Rendered layouts/partials/_footer.html.erb (4.5ms)
Rendered home/index.html.erb within layouts/home (101.1ms)
Completed 200 OK in 187ms (Views: 184.5ms | ActiveRecord: 0.0ms)


Started GET "/HNAP1/" for 195.154.225.51 at 2017-10-20 05:22:19 +0000

ActionController::RoutingError (No route matches "/HNAP1"):
  




Started POST "/" for 212.92.127.8 at 2018-03-06 12:40:21 +0000
  Processing by HomeController#index as JSON
Completed 500 Internal Server Error in 75ms

ActionView::MissingTemplate (Missing template home/index with {:handlers=>[:erb, :rjs, :builder, :rhtml, :rxml], :formats=>[:json], :locale=>[:en, :en]} in view paths "/var/www/captTest/app/views", "/var/www/captTest/vendor/plugins/responds_to_parent/app/views"):
  




Started GET "/" for 113.161.77.123 at 2018-07-02 04:51:23 +0000
  Processing by HomeController#index as HTML
Rendered layouts/partials/_header.html.erb (0.8ms)
Rendered layouts/partials/_footer.html.erb (7.7ms)
Rendered home/index.html.erb within layouts/home (21.4ms)
Completed 200 OK in 57ms (Views: 31.9ms | ActiveRecord: 0.0ms)


Started GET "/sign_in" for 113.161.77.123 at 2018-07-02 04:51:35 +0000
  Processing by UsersController#sign_in as HTML
Rendered layouts/partials/_header.html.erb (0.1ms)
Rendered layouts/partials/_footer.html.erb (0.2ms)
Rendered users/sign_in.html.erb within layouts/login (210.4ms)
Completed 200 OK in 222ms (Views: 221.2ms | ActiveRecord: 0.0ms)


Started POST "/users/sign_in_account.json?email=tranquoccong142@gmail.com&pass=cong2004" for 113.161.77.123 at 2018-07-02 04:51:44 +0000
  Processing by UsersController#sign_in_account as JSON
  Parameters: {"email"=>"tranquoccong142@gmail.com", "pass"=>"cong2004"}
  [1m[36mUser Load (56.5ms)[0m  [1mSELECT `user`.* FROM `user` WHERE ( email = 'tranquoccong142@gmail.com' AND password ='9f76b1a2150217bc03c8d79fbd247f4a') LIMIT 1[0m
Mysql2::Error: Table 'captTest.user' doesn't exist: SELECT  `user`.* FROM `user` WHERE ( email = 'tranquoccong142@gmail.com' AND password ='9f76b1a2150217bc03c8d79fbd247f4a') LIMIT 1
Completed 500 Internal Server Error in 126ms

ActiveRecord::StatementInvalid (Mysql2::Error: Table 'captTest.user' doesn't exist: SELECT  `user`.* FROM `user` WHERE ( email = 'tranquoccong142@gmail.com' AND password ='9f76b1a2150217bc03c8d79fbd247f4a') LIMIT 1):
  app/controllers/users_controller.rb:26:in `sign_in_account'




Started POST "/users/sign_in_account.json?email=tranquoccong142@gmail.com&pass=cong2004" for 113.161.77.123 at 2018-07-02 04:51:49 +0000
  Processing by UsersController#sign_in_account as JSON
  Parameters: {"email"=>"tranquoccong142@gmail.com", "pass"=>"cong2004"}
  [1m[35mUser Load (0.5ms)[0m  SELECT `user`.* FROM `user` WHERE ( email = 'tranquoccong142@gmail.com' AND password ='9f76b1a2150217bc03c8d79fbd247f4a') LIMIT 1
Mysql2::Error: Table 'captTest.user' doesn't exist: SELECT  `user`.* FROM `user` WHERE ( email = 'tranquoccong142@gmail.com' AND password ='9f76b1a2150217bc03c8d79fbd247f4a') LIMIT 1
Completed 500 Internal Server Error in 2ms

ActiveRecord::StatementInvalid (Mysql2::Error: Table 'captTest.user' doesn't exist: SELECT  `user`.* FROM `user` WHERE ( email = 'tranquoccong142@gmail.com' AND password ='9f76b1a2150217bc03c8d79fbd247f4a') LIMIT 1):
  app/controllers/users_controller.rb:26:in `sign_in_account'




Started POST "/users/sign_in_account.json?email=tranquoccong142@gmail.com&pass=cong2004" for 113.161.77.123 at 2018-07-02 04:51:50 +0000
  Processing by UsersController#sign_in_account as JSON
  Parameters: {"email"=>"tranquoccong142@gmail.com", "pass"=>"cong2004"}
  [1m[36mUser Load (0.5ms)[0m  [1mSELECT `user`.* FROM `user` WHERE ( email = 'tranquoccong142@gmail.com' AND password ='9f76b1a2150217bc03c8d79fbd247f4a') LIMIT 1[0m
Mysql2::Error: Table 'captTest.user' doesn't exist: SELECT  `user`.* FROM `user` WHERE ( email = 'tranquoccong142@gmail.com' AND password ='9f76b1a2150217bc03c8d79fbd247f4a') LIMIT 1
Completed 500 Internal Server Error in 1ms

ActiveRecord::StatementInvalid (Mysql2::Error: Table 'captTest.user' doesn't exist: SELECT  `user`.* FROM `user` WHERE ( email = 'tranquoccong142@gmail.com' AND password ='9f76b1a2150217bc03c8d79fbd247f4a') LIMIT 1):
  app/controllers/users_controller.rb:26:in `sign_in_account'




Started POST "/users/sign_in_account.json?email=tranquoccong142@gmail.com&pass=cong2004" for 113.161.77.123 at 2018-07-02 04:51:51 +0000
  Processing by UsersController#sign_in_account as JSON
  Parameters: {"email"=>"tranquoccong142@gmail.com", "pass"=>"cong2004"}
  [1m[35mUser Load (0.4ms)[0m  SELECT `user`.* FROM `user` WHERE ( email = 'tranquoccong142@gmail.com' AND password ='9f76b1a2150217bc03c8d79fbd247f4a') LIMIT 1
Mysql2::Error: Table 'captTest.user' doesn't exist: SELECT  `user`.* FROM `user` WHERE ( email = 'tranquoccong142@gmail.com' AND password ='9f76b1a2150217bc03c8d79fbd247f4a') LIMIT 1
Completed 500 Internal Server Error in 1ms

ActiveRecord::StatementInvalid (Mysql2::Error: Table 'captTest.user' doesn't exist: SELECT  `user`.* FROM `user` WHERE ( email = 'tranquoccong142@gmail.com' AND password ='9f76b1a2150217bc03c8d79fbd247f4a') LIMIT 1):
  app/controllers/users_controller.rb:26:in `sign_in_account'




Started GET "/sign_up" for 113.161.77.123 at 2018-07-02 04:51:52 +0000
  Processing by UsersController#sign_up as HTML
Rendered layouts/partials/_header.html.erb (0.1ms)
Rendered layouts/partials/_footer.html.erb (0.2ms)
Rendered users/sign_up.html.erb within layouts/login (2.0ms)
Completed 200 OK in 5ms (Views: 4.6ms | ActiveRecord: 57.9ms)


Started GET "/users/check_exist.json?email=tranquoccong142@gmail.com" for 113.161.77.123 at 2018-07-02 04:52:02 +0000
  Processing by UsersController#check_exist as JSON
  Parameters: {"email"=>"tranquoccong142@gmail.com"}
  [1m[36mUser Load (0.6ms)[0m  [1mSELECT `user`.* FROM `user` WHERE (email = 'tranquoccong142@gmail.com') LIMIT 1[0m
Mysql2::Error: Table 'captTest.user' doesn't exist: SELECT  `user`.* FROM `user` WHERE (email = 'tranquoccong142@gmail.com') LIMIT 1
Completed 500 Internal Server Error in 2ms

ActiveRecord::StatementInvalid (Mysql2::Error: Table 'captTest.user' doesn't exist: SELECT  `user`.* FROM `user` WHERE (email = 'tranquoccong142@gmail.com') LIMIT 1):
  app/controllers/users_controller.rb:116:in `check_exist'




Started GET "/users/check_exist.json?email=tranquoccong142@gmail.com" for 113.161.77.123 at 2018-07-02 04:52:04 +0000
  Processing by UsersController#check_exist as JSON
  Parameters: {"email"=>"tranquoccong142@gmail.com"}
  [1m[35mUser Load (0.5ms)[0m  SELECT `user`.* FROM `user` WHERE (email = 'tranquoccong142@gmail.com') LIMIT 1
Mysql2::Error: Table 'captTest.user' doesn't exist: SELECT  `user`.* FROM `user` WHERE (email = 'tranquoccong142@gmail.com') LIMIT 1
Completed 500 Internal Server Error in 2ms

ActiveRecord::StatementInvalid (Mysql2::Error: Table 'captTest.user' doesn't exist: SELECT  `user`.* FROM `user` WHERE (email = 'tranquoccong142@gmail.com') LIMIT 1):
  app/controllers/users_controller.rb:116:in `check_exist'




Started GET "/sign_up" for 113.161.77.123 at 2018-07-02 04:52:10 +0000
  Processing by UsersController#sign_up as HTML
Rendered layouts/partials/_header.html.erb (0.1ms)
Rendered layouts/partials/_footer.html.erb (0.2ms)
Rendered users/sign_up.html.erb within layouts/login (1.5ms)
Completed 200 OK in 2ms (Views: 2.2ms | ActiveRecord: 1.1ms)


Started GET "/sign_in" for 113.161.77.123 at 2018-07-02 04:52:36 +0000
  Processing by UsersController#sign_in as HTML
Rendered layouts/partials/_header.html.erb (0.1ms)
Rendered layouts/partials/_footer.html.erb (0.2ms)
Rendered users/sign_in.html.erb within layouts/login (1.3ms)
Completed 200 OK in 2ms (Views: 1.9ms | ActiveRecord: 0.0ms)


Started GET "/sign_up" for 113.161.77.123 at 2018-07-02 04:52:40 +0000
  Processing by UsersController#sign_up as HTML
Rendered layouts/partials/_header.html.erb (0.0ms)
Rendered layouts/partials/_footer.html.erb (0.2ms)
Rendered users/sign_up.html.erb within layouts/login (1.2ms)
Completed 200 OK in 2ms (Views: 1.7ms | ActiveRecord: 0.0ms)


Started GET "/sign_in" for 113.161.77.123 at 2018-07-02 04:52:42 +0000
  Processing by UsersController#sign_in as HTML
Rendered layouts/partials/_header.html.erb (0.0ms)
Rendered layouts/partials/_footer.html.erb (0.2ms)
Rendered users/sign_in.html.erb within layouts/login (1.3ms)
Completed 200 OK in 2ms (Views: 1.7ms | ActiveRecord: 0.0ms)


Started GET "/sign_up" for 113.161.77.123 at 2018-07-02 04:52:42 +0000
  Processing by UsersController#sign_up as HTML
Rendered layouts/partials/_header.html.erb (0.0ms)
Rendered layouts/partials/_footer.html.erb (0.2ms)
Rendered users/sign_up.html.erb within layouts/login (1.3ms)
Completed 200 OK in 2ms (Views: 1.7ms | ActiveRecord: 0.0ms)


Started GET "/sign_in" for 113.161.77.123 at 2018-07-02 04:52:43 +0000
  Processing by UsersController#sign_in as HTML
Rendered layouts/partials/_header.html.erb (0.1ms)
Rendered layouts/partials/_footer.html.erb (0.2ms)
Rendered users/sign_in.html.erb within layouts/login (1.3ms)
Completed 200 OK in 2ms (Views: 1.8ms | ActiveRecord: 0.0ms)
