# Logfile created on 2017-07-24 07:55:37 +0000 by logger.rb/31641
I, [2017-07-24T07:55:37.405965 #29623]  INFO -- : 0:  rake (12.0.0) from /usr/local/lib/ruby/gems/1.9.1/specifications/rake-12.0.0.gemspec
I, [2017-07-24T07:55:37.406826 #29623]  INFO -- : 0:  abstract (1.0.0) from /usr/local/lib/ruby/gems/1.9.1/specifications/abstract-1.0.0.gemspec
I, [2017-07-24T07:55:37.407506 #29623]  INFO -- : 0:  activesupport (3.0.12) from /usr/local/lib/ruby/gems/1.9.1/specifications/activesupport-3.0.12.gemspec
I, [2017-07-24T07:55:37.408244 #29623]  INFO -- : 0:  builder (2.1.2) from /usr/local/lib/ruby/gems/1.9.1/specifications/builder-2.1.2.gemspec
I, [2017-07-24T07:55:37.408904 #29623]  INFO -- : 0:  i18n (0.5.4) from /usr/local/lib/ruby/gems/1.9.1/specifications/i18n-0.5.4.gemspec
I, [2017-07-24T07:55:37.409551 #29623]  INFO -- : 0:  activemodel (3.0.12) from /usr/local/lib/ruby/gems/1.9.1/specifications/activemodel-3.0.12.gemspec
I, [2017-07-24T07:55:37.410195 #29623]  INFO -- : 0:  erubis (2.6.6) from /usr/local/lib/ruby/gems/1.9.1/specifications/erubis-2.6.6.gemspec
I, [2017-07-24T07:55:37.410835 #29623]  INFO -- : 0:  rack (1.2.8) from /usr/local/lib/ruby/gems/1.9.1/specifications/rack-1.2.8.gemspec
I, [2017-07-24T07:55:37.411448 #29623]  INFO -- : 0:  rack-mount (0.6.14) from /usr/local/lib/ruby/gems/1.9.1/specifications/rack-mount-0.6.14.gemspec
I, [2017-07-24T07:55:37.412205 #29623]  INFO -- : 0:  rack-test (0.5.7) from /usr/local/lib/ruby/gems/1.9.1/specifications/rack-test-0.5.7.gemspec
I, [2017-07-24T07:55:39.094329 #29623]  INFO -- : 0:  tzinfo (0.3.53) from /usr/local/lib/ruby/gems/1.9.1/specifications/tzinfo-0.3.53.gemspec
I, [2017-07-24T07:55:39.095383 #29623]  INFO -- : 0:  actionpack (3.0.12) from /usr/local/lib/ruby/gems/1.9.1/specifications/actionpack-3.0.12.gemspec
I, [2017-07-24T07:55:39.096124 #29623]  INFO -- : 0:  mime-types (1.25.1) from /usr/local/lib/ruby/gems/1.9.1/specifications/mime-types-1.25.1.gemspec
I, [2017-07-24T07:55:39.096804 #29623]  INFO -- : 0:  polyglot (0.3.5) from /usr/local/lib/ruby/gems/1.9.1/specifications/polyglot-0.3.5.gemspec
I, [2017-07-24T07:55:39.097466 #29623]  INFO -- : 0:  treetop (1.4.15) from /usr/local/lib/ruby/gems/1.9.1/specifications/treetop-1.4.15.gemspec
I, [2017-07-24T07:55:39.098118 #29623]  INFO -- : 0:  mail (2.2.20) from /usr/local/lib/ruby/gems/1.9.1/specifications/mail-2.2.20.gemspec
I, [2017-07-24T07:55:39.098769 #29623]  INFO -- : 0:  actionmailer (3.0.12) from /usr/local/lib/ruby/gems/1.9.1/specifications/actionmailer-3.0.12.gemspec
I, [2017-07-24T07:55:39.099415 #29623]  INFO -- : 0:  arel (2.0.10) from /usr/local/lib/ruby/gems/1.9.1/specifications/arel-2.0.10.gemspec
I, [2017-07-24T07:55:39.100085 #29623]  INFO -- : 0:  activerecord (3.0.12) from /usr/local/lib/ruby/gems/1.9.1/specifications/activerecord-3.0.12.gemspec
I, [2017-07-24T07:55:39.100727 #29623]  INFO -- : 0:  activeresource (3.0.12) from /usr/local/lib/ruby/gems/1.9.1/specifications/activeresource-3.0.12.gemspec
I, [2017-07-24T07:55:39.101347 #29623]  INFO -- : 0:  aes (0.5.0) from /usr/local/lib/ruby/gems/1.9.1/specifications/aes-0.5.0.gemspec
I, [2017-07-24T07:55:39.101963 #29623]  INFO -- : 0:  gemoji (2.1.0) from /usr/local/lib/ruby/gems/1.9.1/specifications/gemoji-2.1.0.gemspec
I, [2017-07-24T07:55:50.129120 #29623]  INFO -- : 0:  redcarpet (3.4.0) from /usr/local/lib/ruby/gems/1.9.1/specifications/redcarpet-3.4.0.gemspec
I, [2017-07-24T07:55:50.130335 #29623]  INFO -- : 0:  rinku (1.7.3) from /usr/local/lib/ruby/gems/1.9.1/specifications/rinku-1.7.3.gemspec
I, [2017-07-24T07:55:50.155076 #29623]  INFO -- : 0:  tag_helper (0.5.0) from /usr/local/lib/ruby/gems/1.9.1/specifications/tag_helper-0.5.0.gemspec
I, [2017-07-24T07:55:50.155761 #29623]  INFO -- : 0:  auto_html (2.0.0) from /usr/local/lib/ruby/gems/1.9.1/specifications/auto_html-2.0.0.gemspec
I, [2017-07-24T07:55:50.780352 #29623]  INFO -- : 0:  uniform_notifier (1.10.0) from /usr/local/lib/ruby/gems/1.9.1/specifications/uniform_notifier-1.10.0.gemspec
I, [2017-07-24T07:55:51.388239 #29623]  INFO -- : 0:  bullet (5.6.0) from /usr/local/lib/ruby/gems/1.9.1/specifications/bullet-5.6.0.gemspec
I, [2017-07-24T07:55:51.448988 #29623]  INFO -- : 0:  bundler (1.5.1) from /usr/local/lib/ruby/gems/1.9.1/specifications/bundler-1.5.1.gemspec
I, [2017-07-24T07:55:51.449822 #29623]  INFO -- : 0:  color (1.8) from /usr/local/lib/ruby/gems/1.9.1/specifications/color-1.8.gemspec
I, [2017-07-24T07:55:51.942943 #29623]  INFO -- : 0:  colorize (0.8.1) from /usr/local/lib/ruby/gems/1.9.1/specifications/colorize-0.8.1.gemspec
I, [2017-07-24T07:55:52.517271 #29623]  INFO -- : 0:  daemons (1.2.4) from /usr/local/lib/ruby/gems/1.9.1/specifications/daemons-1.2.4.gemspec
I, [2017-07-24T07:55:52.518206 #29623]  INFO -- : 0:  dalli (2.7.6) from /usr/local/lib/ruby/gems/1.9.1/specifications/dalli-2.7.6.gemspec
I, [2017-07-24T07:55:53.095010 #29623]  INFO -- : 0:  delayed_job (4.1.3) from /usr/local/lib/ruby/gems/1.9.1/specifications/delayed_job-4.1.3.gemspec
I, [2017-07-24T07:55:53.651792 #29623]  INFO -- : 0:  delayed_job_active_record (4.1.2) from /usr/local/lib/ruby/gems/1.9.1/specifications/delayed_job_active_record-4.1.2.gemspec
I, [2017-07-24T07:55:54.392575 #29623]  INFO -- : 0:  geocoder (1.4.4) from /usr/local/lib/ruby/gems/1.9.1/specifications/geocoder-1.4.4.gemspec
I, [2017-07-24T07:55:54.921151 #29623]  INFO -- : 0:  hominid (3.0.5) from /usr/local/lib/ruby/gems/1.9.1/specifications/hominid-3.0.5.gemspec
I, [2017-07-24T07:55:55.515659 #29623]  INFO -- : 0:  multi_xml (0.6.0) from /usr/local/lib/ruby/gems/1.9.1/specifications/multi_xml-0.6.0.gemspec
E, [2017-07-24T07:55:55.720420 #29623] ERROR -- : Gem::InstallError: httparty requires Ruby version >= 2.0.0.
/usr/local/lib/ruby/site_ruby/1.9.1/rubygems/installer.rb:388:in `ensure_required_ruby_version_met'  \n/usr/local/lib/ruby/site_ruby/1.9.1/rubygems/installer.rb:156:in `install'  \n/usr/local/lib/ruby/gems/1.9.1/gems/bundler-1.5.1/lib/bundler/source/rubygems.rb:95:in `block in install'  \n/usr/local/lib/ruby/gems/1.9.1/gems/bundler-1.5.1/lib/bundler/rubygems_integration.rb:118:in `preserve_paths'  \n/usr/local/lib/ruby/gems/1.9.1/gems/bundler-1.5.1/lib/bundler/source/rubygems.rb:94:in `install'  \n/usr/local/lib/ruby/gems/1.9.1/gems/bundler-1.5.1/lib/bundler/installer.rb:111:in `block in install_gem_from_spec'  \n/usr/local/lib/ruby/gems/1.9.1/gems/bundler-1.5.1/lib/bundler/rubygems_integration.rb:150:in `with_build_args'  \n/usr/local/lib/ruby/gems/1.9.1/gems/bundler-1.5.1/lib/bundler/installer.rb:110:in `install_gem_from_spec'  \n/usr/local/lib/ruby/gems/1.9.1/gems/bundler-1.5.1/lib/bundler/installer.rb:295:in `block in install_sequentially'  \n/usr/local/lib/ruby/1.9.1/forwardable.rb:201:in `each'  \n/usr/local/lib/ruby/1.9.1/forwardable.rb:201:in `each'  \n/usr/local/lib/ruby/gems/1.9.1/gems/bundler-1.5.1/lib/bundler/installer.rb:294:in `install_sequentially'  \n/usr/local/lib/ruby/gems/1.9.1/gems/bundler-1.5.1/lib/bundler/installer.rb:97:in `run'  \n/usr/local/lib/ruby/gems/1.9.1/gems/bundler-1.5.1/lib/bundler/installer.rb:15:in `install'  \n/usr/local/lib/ruby/gems/1.9.1/gems/bundler-1.5.1/lib/bundler/cli.rb:336:in `update'  \n/usr/local/lib/ruby/gems/1.9.1/gems/bundler-1.5.1/lib/bundler/vendor/thor/command.rb:27:in `run'  \n/usr/local/lib/ruby/gems/1.9.1/gems/bundler-1.5.1/lib/bundler/vendor/thor/invocation.rb:120:in `invoke_command'  \n/usr/local/lib/ruby/gems/1.9.1/gems/bundler-1.5.1/lib/bundler/vendor/thor.rb:363:in `dispatch'  \n/usr/local/lib/ruby/gems/1.9.1/gems/bundler-1.5.1/lib/bundler/vendor/thor/base.rb:438:in `start'  \n/usr/local/lib/ruby/gems/1.9.1/gems/bundler-1.5.1/lib/bundler/cli.rb:10:in `start'  \n/usr/local/lib/ruby/gems/1.9.1/gems/bundler-1.5.1/bin/bundle:22:in `block in <top (required)>'  \n/usr/local/lib/ruby/gems/1.9.1/gems/bundler-1.5.1/lib/bundler/friendly_errors.rb:5:in `with_friendly_errors'  \n/usr/local/lib/ruby/gems/1.9.1/gems/bundler-1.5.1/bin/bundle:22:in `<top (required)>'  \n/usr/local/bin/bundle:23:in `load'  \n/usr/local/bin/bundle:23:in `<main>'
I, [2017-07-24T07:58:14.821909 #29833]  INFO -- : 0:  rake (12.0.0) from /usr/local/lib/ruby/gems/1.9.1/specifications/rake-12.0.0.gemspec
I, [2017-07-24T07:58:14.822837 #29833]  INFO -- : 0:  abstract (1.0.0) from /usr/local/lib/ruby/gems/1.9.1/specifications/abstract-1.0.0.gemspec
I, [2017-07-24T07:58:14.823493 #29833]  INFO -- : 0:  activesupport (3.0.12) from /usr/local/lib/ruby/gems/1.9.1/specifications/activesupport-3.0.12.gemspec
I, [2017-07-24T07:58:14.824165 #29833]  INFO -- : 0:  builder (2.1.2) from /usr/local/lib/ruby/gems/1.9.1/specifications/builder-2.1.2.gemspec
I, [2017-07-24T07:58:14.824794 #29833]  INFO -- : 0:  i18n (0.5.4) from /usr/local/lib/ruby/gems/1.9.1/specifications/i18n-0.5.4.gemspec
I, [2017-07-24T07:58:14.825418 #29833]  INFO -- : 0:  activemodel (3.0.12) from /usr/local/lib/ruby/gems/1.9.1/specifications/activemodel-3.0.12.gemspec
I, [2017-07-24T07:58:14.826022 #29833]  INFO -- : 0:  erubis (2.6.6) from /usr/local/lib/ruby/gems/1.9.1/specifications/erubis-2.6.6.gemspec
I, [2017-07-24T07:58:14.826627 #29833]  INFO -- : 0:  rack (1.2.8) from /usr/local/lib/ruby/gems/1.9.1/specifications/rack-1.2.8.gemspec
I, [2017-07-24T07:58:14.827238 #29833]  INFO -- : 0:  rack-mount (0.6.14) from /usr/local/lib/ruby/gems/1.9.1/specifications/rack-mount-0.6.14.gemspec
I, [2017-07-24T07:58:14.827857 #29833]  INFO -- : 0:  rack-test (0.5.7) from /usr/local/lib/ruby/gems/1.9.1/specifications/rack-test-0.5.7.gemspec
I, [2017-07-24T07:58:14.828465 #29833]  INFO -- : 0:  tzinfo (0.3.53) from /usr/local/lib/ruby/gems/1.9.1/specifications/tzinfo-0.3.53.gemspec
I, [2017-07-24T07:58:14.829053 #29833]  INFO -- : 0:  actionpack (3.0.12) from /usr/local/lib/ruby/gems/1.9.1/specifications/actionpack-3.0.12.gemspec
I, [2017-07-24T07:58:14.829636 #29833]  INFO -- : 0:  mime-types (1.25.1) from /usr/local/lib/ruby/gems/1.9.1/specifications/mime-types-1.25.1.gemspec
I, [2017-07-24T07:58:14.830223 #29833]  INFO -- : 0:  polyglot (0.3.5) from /usr/local/lib/ruby/gems/1.9.1/specifications/polyglot-0.3.5.gemspec
I, [2017-07-24T07:58:14.830808 #29833]  INFO -- : 0:  treetop (1.4.15) from /usr/local/lib/ruby/gems/1.9.1/specifications/treetop-1.4.15.gemspec
I, [2017-07-24T07:58:14.831420 #29833]  INFO -- : 0:  mail (2.2.20) from /usr/local/lib/ruby/gems/1.9.1/specifications/mail-2.2.20.gemspec
I, [2017-07-24T07:58:14.832042 #29833]  INFO -- : 0:  actionmailer (3.0.12) from /usr/local/lib/ruby/gems/1.9.1/specifications/actionmailer-3.0.12.gemspec
I, [2017-07-24T07:58:14.832620 #29833]  INFO -- : 0:  arel (2.0.10) from /usr/local/lib/ruby/gems/1.9.1/specifications/arel-2.0.10.gemspec
I, [2017-07-24T07:58:14.833199 #29833]  INFO -- : 0:  activerecord (3.0.12) from /usr/local/lib/ruby/gems/1.9.1/specifications/activerecord-3.0.12.gemspec
I, [2017-07-24T07:58:14.833772 #29833]  INFO -- : 0:  activeresource (3.0.12) from /usr/local/lib/ruby/gems/1.9.1/specifications/activeresource-3.0.12.gemspec
I, [2017-07-24T07:58:14.834345 #29833]  INFO -- : 0:  aes (0.5.0) from /usr/local/lib/ruby/gems/1.9.1/specifications/aes-0.5.0.gemspec
I, [2017-07-24T07:58:14.834944 #29833]  INFO -- : 0:  gemoji (2.1.0) from /usr/local/lib/ruby/gems/1.9.1/specifications/gemoji-2.1.0.gemspec
I, [2017-07-24T07:58:14.835578 #29833]  INFO -- : 0:  redcarpet (3.4.0) from /usr/local/lib/ruby/gems/1.9.1/specifications/redcarpet-3.4.0.gemspec
I, [2017-07-24T07:58:14.860291 #29833]  INFO -- : 0:  rinku (1.7.3) from /usr/local/lib/ruby/gems/1.9.1/specifications/rinku-1.7.3.gemspec
I, [2017-07-24T07:58:14.860882 #29833]  INFO -- : 0:  tag_helper (0.5.0) from /usr/local/lib/ruby/gems/1.9.1/specifications/tag_helper-0.5.0.gemspec
I, [2017-07-24T07:58:14.861464 #29833]  INFO -- : 0:  auto_html (2.0.0) from /usr/local/lib/ruby/gems/1.9.1/specifications/auto_html-2.0.0.gemspec
I, [2017-07-24T07:58:14.862040 #29833]  INFO -- : 0:  uniform_notifier (1.10.0) from /usr/local/lib/ruby/gems/1.9.1/specifications/uniform_notifier-1.10.0.gemspec
I, [2017-07-24T07:58:14.862620 #29833]  INFO -- : 0:  bullet (5.6.0) from /usr/local/lib/ruby/gems/1.9.1/specifications/bullet-5.6.0.gemspec
I, [2017-07-24T07:58:14.863170 #29833]  INFO -- : 0:  bundler (1.5.1) from /usr/local/lib/ruby/gems/1.9.1/specifications/bundler-1.5.1.gemspec
I, [2017-07-24T07:58:14.863805 #29833]  INFO -- : 0:  color (1.8) from /usr/local/lib/ruby/gems/1.9.1/specifications/color-1.8.gemspec
I, [2017-07-24T07:58:14.864387 #29833]  INFO -- : 0:  daemons (1.2.4) from /usr/local/lib/ruby/gems/1.9.1/specifications/daemons-1.2.4.gemspec
I, [2017-07-24T07:58:14.864972 #29833]  INFO -- : 0:  dalli (2.7.6) from /usr/local/lib/ruby/gems/1.9.1/specifications/dalli-2.7.6.gemspec
I, [2017-07-24T07:58:14.865551 #29833]  INFO -- : 0:  delayed_job (4.1.3) from /usr/local/lib/ruby/gems/1.9.1/specifications/delayed_job-4.1.3.gemspec
I, [2017-07-24T07:58:14.866136 #29833]  INFO -- : 0:  delayed_job_active_record (4.1.2) from /usr/local/lib/ruby/gems/1.9.1/specifications/delayed_job_active_record-4.1.2.gemspec
I, [2017-07-24T07:58:14.866726 #29833]  INFO -- : 0:  geocoder (1.4.4) from /usr/local/lib/ruby/gems/1.9.1/specifications/geocoder-1.4.4.gemspec
I, [2017-07-24T07:58:14.867298 #29833]  INFO -- : 0:  hominid (3.0.5) from /usr/local/lib/ruby/gems/1.9.1/specifications/hominid-3.0.5.gemspec
I, [2017-07-24T07:58:14.867897 #29833]  INFO -- : 0:  ice_cube (0.7.6) from /usr/local/lib/ruby/gems/1.9.1/specifications/ice_cube-0.7.6.gemspec
I, [2017-07-24T07:58:14.868468 #29833]  INFO -- : 0:  invert (0.1.0) from /usr/local/lib/ruby/gems/1.9.1/specifications/invert-0.1.0.gemspec
I, [2017-07-24T07:58:21.363101 #29833]  INFO -- : 0:  json (1.8.6) from /usr/local/lib/ruby/gems/1.9.1/specifications/json-1.8.6.gemspec
I, [2017-07-24T07:58:21.364248 #29833]  INFO -- : 0:  systemu (2.6.5) from /usr/local/lib/ruby/gems/1.9.1/specifications/systemu-2.6.5.gemspec
I, [2017-07-24T07:58:21.364894 #29833]  INFO -- : 0:  macaddr (1.7.1) from /usr/local/lib/ruby/gems/1.9.1/specifications/macaddr-1.7.1.gemspec
I, [2017-07-24T07:58:21.365528 #29833]  INFO -- : 0:  mysql2 (0.2.6) from /usr/local/lib/ruby/gems/1.9.1/specifications/mysql2-0.2.6.gemspec
I, [2017-07-24T07:58:21.366159 #29833]  INFO -- : 0:  rdoc (3.12.2) from /usr/local/lib/ruby/gems/1.9.1/specifications/rdoc-3.12.2.gemspec
I, [2017-07-24T07:58:21.366786 #29833]  INFO -- : 0:  thor (0.14.6) from /usr/local/lib/ruby/gems/1.9.1/specifications/thor-0.14.6.gemspec
I, [2017-07-24T07:58:21.367405 #29833]  INFO -- : 0:  railties (3.0.12) from /usr/local/lib/ruby/gems/1.9.1/specifications/railties-3.0.12.gemspec
I, [2017-07-24T07:58:21.368055 #29833]  INFO -- : 0:  rails (3.0.12) from /usr/local/lib/ruby/gems/1.9.1/specifications/rails-3.0.12.gemspec
I, [2017-07-24T07:58:21.368679 #29833]  INFO -- : 0:  ri_cal (0.8.8) from /usr/local/lib/ruby/gems/1.9.1/specifications/ri_cal-0.8.8.gemspec
I, [2017-07-24T07:59:19.398696 #29833]  INFO -- : 0:  rmagick (2.16.0) from /usr/local/lib/ruby/gems/1.9.1/specifications/rmagick-2.16.0.gemspec
I, [2017-07-24T07:59:19.399929 #29833]  INFO -- : 0:  uuid (2.3.8) from /usr/local/lib/ruby/gems/1.9.1/specifications/uuid-2.3.8.gemspec
I, [2017-07-24T07:59:19.400602 #29833]  INFO -- : 0:  ruby-growl (4.1) from /usr/local/lib/ruby/gems/1.9.1/specifications/ruby-growl-4.1.gemspec
I, [2017-07-24T07:59:19.984031 #29833]  INFO -- : 0:  vcard (0.2.15) from /usr/local/lib/ruby/gems/1.9.1/specifications/vcard-0.2.15.gemspec
I, [2017-07-24T07:59:20.638113 #29833]  INFO -- : 0:  will_paginate (3.1.6) from /usr/local/lib/ruby/gems/1.9.1/specifications/will_paginate-3.1.6.gemspec
I, [2017-07-24T07:59:20.639026 #29833]  INFO -- : 0:  xmpp4r (0.5.6) from /usr/local/lib/ruby/gems/1.9.1/specifications/xmpp4r-0.5.6.gemspec
I, [2017-07-24T07:59:20.639716 #29833]  INFO -- : 0:  zipruby (0.3.6) from /usr/local/lib/ruby/gems/1.9.1/specifications/zipruby-0.3.6.gemspec
